<?xml version="1.0" encoding="UTF-8"?>
<testsuite name="dev.voidpulsar.lc_claim_economy.service.ProtectionPricingTest" tests="17" skipped="0" failures="0" errors="0" timestamp="2026-07-14T00:26:24.972Z" hostname="VOIDSBLADE" time="0.083">
  <properties/>
  <testcase name="landChunkUnits_groupSizeZeroTreatedAsOne()" classname="dev.voidpulsar.lc_claim_economy.service.ProtectionPricingTest" time="0.002"/>
  <testcase name="landChunkUnits_alwaysRoundUp()" classname="dev.voidpulsar.lc_claim_economy.service.ProtectionPricingTest" time="0.005"/>
  <testcase name="landChunkUnits_groupSizeOne_equalsChunkCount()" classname="dev.voidpulsar.lc_claim_economy.service.ProtectionPricingTest" time="0.002"/>
  <testcase name="landChunkUnits_negativeChunks_returnsZero()" classname="dev.voidpulsar.lc_claim_economy.service.ProtectionPricingTest" time="0.001"/>
  <testcase name="landChunkUnits_zeroChunks_returnsZero()" classname="dev.voidpulsar.lc_claim_economy.service.ProtectionPricingTest" time="0.001"/>
  <testcase name="1 chunks / group 5 =&gt; 1 units" classname="dev.voidpulsar.lc_claim_economy.service.ProtectionPricingTest" time="0.021"/>
  <testcase name="4 chunks / group 5 =&gt; 1 units" classname="dev.voidpulsar.lc_claim_economy.service.ProtectionPricingTest" time="0.001"/>
  <testcase name="5 chunks / group 5 =&gt; 1 units" classname="dev.voidpulsar.lc_claim_economy.service.ProtectionPricingTest" time="0.001"/>
  <testcase name="6 chunks / group 5 =&gt; 2 units" classname="dev.voidpulsar.lc_claim_economy.service.ProtectionPricingTest" time="0.001"/>
  <testcase name="10 chunks / group 5 =&gt; 2 units" classname="dev.voidpulsar.lc_claim_economy.service.ProtectionPricingTest" time="0.001"/>
  <testcase name="11 chunks / group 5 =&gt; 3 units" classname="dev.voidpulsar.lc_claim_economy.service.ProtectionPricingTest" time="0.001"/>
  <testcase name="25 chunks / group 5 =&gt; 5 units" classname="dev.voidpulsar.lc_claim_economy.service.ProtectionPricingTest" time="0.001"/>
  <testcase name="1 chunks / group 1 =&gt; 1 units" classname="dev.voidpulsar.lc_claim_economy.service.ProtectionPricingTest" time="0.001"/>
  <testcase name="5 chunks / group 1 =&gt; 5 units" classname="dev.voidpulsar.lc_claim_economy.service.ProtectionPricingTest" time="0.001"/>
  <testcase name="1 chunks / group 10 =&gt; 1 units" classname="dev.voidpulsar.lc_claim_economy.service.ProtectionPricingTest" time="0.002"/>
  <testcase name="10 chunks / group 10 =&gt; 1 units" classname="dev.voidpulsar.lc_claim_economy.service.ProtectionPricingTest" time="0.001"/>
  <testcase name="11 chunks / group 10 =&gt; 2 units" classname="dev.voidpulsar.lc_claim_economy.service.ProtectionPricingTest" time="0.0"/>
  <system-out><![CDATA[]]></system-out>
  <system-err><![CDATA[]]></system-err>
</testsuite>
